<?xml version="1.0" encoding="UTF-8" ?>
<testsuite failures="0" time="0.013" errors="0" skipped="0" tests="13" name="org.pojava.datetime.ShiftTester">
  <properties>
    <property name="java.runtime.name" value="Java(TM) SE Runtime Environment"/>
    <property name="sun.boot.library.path" value="C:\opt\java\jdk1.7.0_51\jre\bin"/>
    <property name="java.vm.version" value="24.51-b03"/>
    <property name="java.vm.vendor" value="Oracle Corporation"/>
    <property name="java.vendor.url" value="http://java.oracle.com/"/>
    <property name="path.separator" value=";"/>
    <property name="java.vm.name" value="Java HotSpot(TM) 64-Bit Server VM"/>
    <property name="file.encoding.pkg" value="sun.io"/>
    <property name="user.script" value=""/>
    <property name="user.country" value="US"/>
    <property name="sun.java.launcher" value="SUN_STANDARD"/>
    <property name="sun.os.patch.level" value=""/>
    <property name="java.vm.specification.name" value="Java Virtual Machine Specification"/>
    <property name="user.dir" value="C:\Users\Costco\IdeaProjects\pojava.datetime-3.0.0"/>
    <property name="java.runtime.version" value="1.7.0_51-b13"/>
    <property name="java.awt.graphicsenv" value="sun.awt.Win32GraphicsEnvironment"/>
    <property name="basedir" value="C:\Users\Costco\IdeaProjects\pojava.datetime-3.0.0"/>
    <property name="java.endorsed.dirs" value="C:\opt\java\jdk1.7.0_51\jre\lib\endorsed"/>
    <property name="os.arch" value="amd64"/>
    <property name="surefire.real.class.path" value="C:\Users\Costco\AppData\Local\Temp\surefirebooter9106240304784865963.jar"/>
    <property name="java.io.tmpdir" value="C:\Users\Costco\AppData\Local\Temp\"/>
    <property name="line.separator" value="
"/>
    <property name="java.vm.specification.vendor" value="Oracle Corporation"/>
    <property name="user.variant" value=""/>
    <property name="os.name" value="Windows 8"/>
    <property name="sun.jnu.encoding" value="Cp1252"/>
    <property name="java.library.path" value="C:\opt\java\jdk1.7.0_51\jre\bin;C:\WINDOWS\Sun\Java\bin;C:\WINDOWS\system32;C:\WINDOWS;C:\Users\Costco\algs4\java\bin;C:\Program Files (x86)\HP SimplePass\x64;C:\Program Files (x86)\HP SimplePass\;;C:\opt\apache-maven-3.1.1\bin;C:\Program Files (x86)\AMD APP\bin\x86_64;C:\Program Files (x86)\AMD APP\bin\x86;C:\WINDOWS\system32;C:\WINDOWS;C:\WINDOWS\System32\Wbem;C:\WINDOWS\System32\WindowsPowerShell\v1.0\;C:\Program Files (x86)\Windows Live\Shared;C:\Program Files (x86)\ATI Technologies\ATI.ACE\Core-Static;C:\Program Files (x86)\Git\cmd;C:\Program Files (x86)\Git\bin;C:\Program Files\nodejs\;C:\Program Files\SlikSvn\bin;C:\Program Files\TortoiseSVN\bin;C:\Program Files (x86)\Windows Kits\8.1\Windows Performance Toolkit\;C:\Program Files\Microsoft SQL Server\110\Tools\Binn\;c:\Program Files (x86)\Microsoft SQL Server\100\Tools\Binn\;c:\Program Files\Microsoft SQL Server\100\Tools\Binn\;c:\Program Files\Microsoft SQL Server\100\DTS\Binn\;C:\Ruby193\bin;C:\opt\java\jdk1.7.0_51\bin;C:\Users\Costco\algs4\bin;C:\Users\Costco\algs4\java\bin;C:\Users\Costco\AppData\Roaming\npm;."/>
    <property name="surefire.test.class.path" value="C:\Users\Costco\IdeaProjects\pojava.datetime-3.0.0\target\test-classes;C:\Users\Costco\IdeaProjects\pojava.datetime-3.0.0\target\classes;C:\Users\Costco\.m2\repository\junit\junit\3.8.2\junit-3.8.2.jar;"/>
    <property name="java.specification.name" value="Java Platform API Specification"/>
    <property name="java.class.version" value="51.0"/>
    <property name="sun.management.compiler" value="HotSpot 64-Bit Tiered Compilers"/>
    <property name="os.version" value="6.2"/>
    <property name="user.home" value="C:\Users\Costco"/>
    <property name="user.timezone" value="America/Chicago"/>
    <property name="java.awt.printerjob" value="sun.awt.windows.WPrinterJob"/>
    <property name="java.specification.version" value="1.7"/>
    <property name="file.encoding" value="Cp1252"/>
    <property name="user.name" value="Costco"/>
    <property name="java.class.path" value="C:\Users\Costco\IdeaProjects\pojava.datetime-3.0.0\target\test-classes;C:\Users\Costco\IdeaProjects\pojava.datetime-3.0.0\target\classes;C:\Users\Costco\.m2\repository\junit\junit\3.8.2\junit-3.8.2.jar;"/>
    <property name="java.vm.specification.version" value="1.7"/>
    <property name="sun.arch.data.model" value="64"/>
    <property name="java.home" value="C:\opt\java\jdk1.7.0_51\jre"/>
    <property name="sun.java.command" value="C:\Users\Costco\AppData\Local\Temp\surefirebooter9106240304784865963.jar C:\Users\Costco\AppData\Local\Temp\surefire1323465999680311369tmp C:\Users\Costco\AppData\Local\Temp\surefire595011375316661317tmp"/>
    <property name="java.specification.vendor" value="Oracle Corporation"/>
    <property name="user.language" value="en"/>
    <property name="awt.toolkit" value="sun.awt.windows.WToolkit"/>
    <property name="java.vm.info" value="mixed mode"/>
    <property name="java.version" value="1.7.0_51"/>
    <property name="java.ext.dirs" value="C:\opt\java\jdk1.7.0_51\jre\lib\ext;C:\WINDOWS\Sun\Java\lib\ext"/>
    <property name="sun.boot.class.path" value="C:\opt\java\jdk1.7.0_51\jre\lib\resources.jar;C:\opt\java\jdk1.7.0_51\jre\lib\rt.jar;C:\opt\java\jdk1.7.0_51\jre\lib\sunrsasign.jar;C:\opt\java\jdk1.7.0_51\jre\lib\jsse.jar;C:\opt\java\jdk1.7.0_51\jre\lib\jce.jar;C:\opt\java\jdk1.7.0_51\jre\lib\charsets.jar;C:\opt\java\jdk1.7.0_51\jre\lib\jfr.jar;C:\opt\java\jdk1.7.0_51\jre\classes"/>
    <property name="java.vendor" value="Oracle Corporation"/>
    <property name="localRepository" value="C:\Users\Costco\.m2\repository"/>
    <property name="file.separator" value="\"/>
    <property name="java.vendor.url.bug" value="http://bugreport.sun.com/bugreport/"/>
    <property name="sun.cpu.endian" value="little"/>
    <property name="sun.io.unicode.encoding" value="UnicodeLittle"/>
    <property name="sun.desktop" value="windows"/>
    <property name="sun.cpu.isalist" value="amd64"/>
  </properties>
  <testcase time="0.004" classname="org.pojava.datetime.ShiftTester" name="testConstructor"/>
  <testcase time="0" classname="org.pojava.datetime.ShiftTester" name="testSettleDay"/>
  <testcase time="0.001" classname="org.pojava.datetime.ShiftTester" name="testFracWeeks"/>
  <testcase time="0" classname="org.pojava.datetime.ShiftTester" name="testFracYears"/>
  <testcase time="0" classname="org.pojava.datetime.ShiftTester" name="testToString24hr"/>
  <testcase time="0" classname="org.pojava.datetime.ShiftTester" name="testToStringSecNanos"/>
  <testcase time="0" classname="org.pojava.datetime.ShiftTester" name="testDayWeekPreservation"/>
  <testcase time="0" classname="org.pojava.datetime.ShiftTester" name="testToStringOverflows"/>
  <testcase time="0" classname="org.pojava.datetime.ShiftTester" name="testLargeValues"/>
  <testcase time="0" classname="org.pojava.datetime.ShiftTester" name="testToStringNanos"/>
  <testcase time="0" classname="org.pojava.datetime.ShiftTester" name="testSettleMinute"/>
  <testcase time="0" classname="org.pojava.datetime.ShiftTester" name="testSettleSecond"/>
  <testcase time="0.001" classname="org.pojava.datetime.ShiftTester" name="testSettleHour"/>
</testsuite>