<?xml version="1.0" encoding="UTF-8" ?>
<testsuite failures="0" time="0.1" errors="0" skipped="0" tests="32" name="org.pojava.datetime.DateTimeFormatTester">
  <properties>
    <property name="java.runtime.name" value="Java(TM) SE Runtime Environment"/>
    <property name="sun.boot.library.path" value="C:\Program Files\Java\jdk1.6.0_25\jre\bin"/>
    <property name="java.vm.version" value="20.0-b11"/>
    <property name="java.vm.vendor" value="Sun Microsystems Inc."/>
    <property name="java.vendor.url" value="http://java.sun.com/"/>
    <property name="path.separator" value=";"/>
    <property name="java.vm.name" value="Java HotSpot(TM) Client VM"/>
    <property name="file.encoding.pkg" value="sun.io"/>
    <property name="user.country" value="US"/>
    <property name="sun.java.launcher" value="SUN_STANDARD"/>
    <property name="sun.os.patch.level" value="Service Pack 3"/>
    <property name="java.vm.specification.name" value="Java Virtual Machine Specification"/>
    <property name="user.dir" value="C:\Documents and Settings\jpile\eclipse\datetime-1.0.0"/>
    <property name="java.runtime.version" value="1.6.0_25-b06"/>
    <property name="java.awt.graphicsenv" value="sun.awt.Win32GraphicsEnvironment"/>
    <property name="java.endorsed.dirs" value="C:\Program Files\Java\jdk1.6.0_25\jre\lib\endorsed"/>
    <property name="os.arch" value="x86"/>
    <property name="java.io.tmpdir" value="C:\DOCUME~1\john\LOCALS~1\Temp\"/>
    <property name="line.separator" value="
"/>
    <property name="java.vm.specification.vendor" value="Sun Microsystems Inc."/>
    <property name="user.variant" value=""/>
    <property name="os.name" value="Windows XP"/>
    <property name="classworlds.conf" value="c:\PROGRA~1\apache-maven-2.2.1\bin\..\bin\m2.conf"/>
    <property name="sun.jnu.encoding" value="Cp1252"/>
    <property name="java.library.path" value="C:\Program Files\Java\jdk1.6.0_25\bin;.;C:\WINDOWS\Sun\Java\bin;C:\WINDOWS\system32;C:\WINDOWS;C:\WINDOWS\system32;C:\WINDOWS;C:\WINDOWS\system32\wbem;C:\Program Files\Windows Resource Kits\Tools;c:\bat;c:\msys\1.0\bin;c:\mingw\bin;C:\PROGRAM FILES\THINKPAD\UTILITIES;C:\WINDOWS\Downloaded Program Files;C:\Program Files\Personal Communications;C:\Program Files\Common Files\GTK\2.0\bin;C:\Program Files\Intel\Wireless\Bin;C:\Program Files\Subversion\bin;c:\progra~1\apache-maven-2.2.1\bin;C:\Program Files\GNU\GnuPG\pub"/>
    <property name="java.specification.name" value="Java Platform API Specification"/>
    <property name="java.class.version" value="50.0"/>
    <property name="sun.management.compiler" value="HotSpot Client Compiler"/>
    <property name="os.version" value="5.1"/>
    <property name="user.home" value="C:\Documents and Settings\john"/>
    <property name="user.timezone" value="America/Los_Angeles"/>
    <property name="java.awt.printerjob" value="sun.awt.windows.WPrinterJob"/>
    <property name="file.encoding" value="Cp1252"/>
    <property name="java.specification.version" value="1.6"/>
    <property name="user.name" value="john"/>
    <property name="java.class.path" value="c:\PROGRA~1\apache-maven-2.2.1\bin\..\boot\classworlds-1.1.jar"/>
    <property name="java.vm.specification.version" value="1.0"/>
    <property name="sun.arch.data.model" value="32"/>
    <property name="java.home" value="C:\Program Files\Java\jdk1.6.0_25\jre"/>
    <property name="sun.java.command" value="org.codehaus.classworlds.Launcher clean package source:jar javadoc:jar verify repository:bundle-create"/>
    <property name="java.specification.vendor" value="Sun Microsystems Inc."/>
    <property name="user.language" value="en"/>
    <property name="awt.toolkit" value="sun.awt.windows.WToolkit"/>
    <property name="java.vm.info" value="mixed mode, sharing"/>
    <property name="java.version" value="1.6.0_25"/>
    <property name="java.ext.dirs" value="C:\Program Files\Java\jdk1.6.0_25\jre\lib\ext;C:\WINDOWS\Sun\Java\lib\ext"/>
    <property name="sun.boot.class.path" value="C:\Program Files\Java\jdk1.6.0_25\jre\lib\resources.jar;C:\Program Files\Java\jdk1.6.0_25\jre\lib\rt.jar;C:\Program Files\Java\jdk1.6.0_25\jre\lib\sunrsasign.jar;C:\Program Files\Java\jdk1.6.0_25\jre\lib\jsse.jar;C:\Program Files\Java\jdk1.6.0_25\jre\lib\jce.jar;C:\Program Files\Java\jdk1.6.0_25\jre\lib\charsets.jar;C:\Program Files\Java\jdk1.6.0_25\jre\lib\modules\jdk.boot.jar;C:\Program Files\Java\jdk1.6.0_25\jre\classes"/>
    <property name="java.vendor" value="Sun Microsystems Inc."/>
    <property name="maven.home" value="c:\PROGRA~1\apache-maven-2.2.1\bin\.."/>
    <property name="file.separator" value="\"/>
    <property name="java.vendor.url.bug" value="http://java.sun.com/cgi-bin/bugreport.cgi"/>
    <property name="sun.cpu.endian" value="little"/>
    <property name="sun.io.unicode.encoding" value="UnicodeLittle"/>
    <property name="sun.desktop" value="windows"/>
    <property name="sun.cpu.isalist" value="pentium_pro+mmx pentium_pro pentium+mmx pentium i486 i386 i86"/>
  </properties>
  <testcase time="0" classname="org.pojava.datetime.DateTimeFormatTester" name="testCommonFormats"/>
  <testcase time="0" classname="org.pojava.datetime.DateTimeFormatTester" name="testUniqueFormats"/>
  <testcase time="0" classname="org.pojava.datetime.DateTimeFormatTester" name="testFormat_G_BC"/>
  <testcase time="0" classname="org.pojava.datetime.DateTimeFormatTester" name="testFormat_G_AD"/>
  <testcase time="0" classname="org.pojava.datetime.DateTimeFormatTester" name="testFormat_g_BC"/>
  <testcase time="0" classname="org.pojava.datetime.DateTimeFormatTester" name="testFormat_g_AD"/>
  <testcase time="0" classname="org.pojava.datetime.DateTimeFormatTester" name="testFormat_y_BC"/>
  <testcase time="0" classname="org.pojava.datetime.DateTimeFormatTester" name="testFormat_y_AD"/>
  <testcase time="0" classname="org.pojava.datetime.DateTimeFormatTester" name="testFormat_M"/>
  <testcase time="0" classname="org.pojava.datetime.DateTimeFormatTester" name="testFormat_M_FR"/>
  <testcase time="0" classname="org.pojava.datetime.DateTimeFormatTester" name="testFormat_M_DE"/>
  <testcase time="0" classname="org.pojava.datetime.DateTimeFormatTester" name="testFormat_M_IT"/>
  <testcase time="0" classname="org.pojava.datetime.DateTimeFormatTester" name="testFormat_W"/>
  <testcase time="0" classname="org.pojava.datetime.DateTimeFormatTester" name="testFormat_W_ranges"/>
  <testcase time="0" classname="org.pojava.datetime.DateTimeFormatTester" name="testFormat_w"/>
  <testcase time="0" classname="org.pojava.datetime.DateTimeFormatTester" name="testFormat_w_ranges"/>
  <testcase time="0" classname="org.pojava.datetime.DateTimeFormatTester" name="testFormat_D"/>
  <testcase time="0" classname="org.pojava.datetime.DateTimeFormatTester" name="testFormat_d"/>
  <testcase time="0" classname="org.pojava.datetime.DateTimeFormatTester" name="testFormat_E"/>
  <testcase time="0" classname="org.pojava.datetime.DateTimeFormatTester" name="testFormat_F"/>
  <testcase time="0" classname="org.pojava.datetime.DateTimeFormatTester" name="testFormat_a_AM"/>
  <testcase time="0" classname="org.pojava.datetime.DateTimeFormatTester" name="testFormat_a_PM"/>
  <testcase time="0" classname="org.pojava.datetime.DateTimeFormatTester" name="testFormat_H"/>
  <testcase time="0" classname="org.pojava.datetime.DateTimeFormatTester" name="testFormat_h"/>
  <testcase time="0" classname="org.pojava.datetime.DateTimeFormatTester" name="testFormat_k"/>
  <testcase time="0" classname="org.pojava.datetime.DateTimeFormatTester" name="testFormat_K"/>
  <testcase time="0" classname="org.pojava.datetime.DateTimeFormatTester" name="testFormat_m"/>
  <testcase time="0" classname="org.pojava.datetime.DateTimeFormatTester" name="testFormat_s"/>
  <testcase time="0" classname="org.pojava.datetime.DateTimeFormatTester" name="testFormat_z"/>
  <testcase time="0" classname="org.pojava.datetime.DateTimeFormatTester" name="testFormat_Z"/>
  <testcase time="0" classname="org.pojava.datetime.DateTimeFormatTester" name="testFormat_S"/>
  <testcase time="0" classname="org.pojava.datetime.DateTimeFormatTester" name="testLocale"/>
</testsuite>